{"/Users/anoopsingh/Documents/workspace/xiteMusic/src/util/operation.ts": {"path":"/Users/anoopsingh/Documents/workspace/xiteMusic/src/util/operation.ts","statementMap":{"0":{"start":{"line":4,"column":4},"end":{"line":6,"column":5}},"1":{"start":{"line":5,"column":6},"end":{"line":5,"column":16}},"2":{"start":{"line":7,"column":18},"end":{"line":7,"column":52}},"3":{"start":{"line":9,"column":4},"end":{"line":18,"column":5}},"4":{"start":{"line":10,"column":38},"end":{"line":10,"column":40}},"5":{"start":{"line":11,"column":6},"end":{"line":16,"column":9}},"6":{"start":{"line":12,"column":29},"end":{"line":14,"column":10}},"7":{"start":{"line":13,"column":12},"end":{"line":13,"column":60}},"8":{"start":{"line":15,"column":8},"end":{"line":15,"column":48}},"9":{"start":{"line":17,"column":6},"end":{"line":17,"column":21}},"10":{"start":{"line":19,"column":4},"end":{"line":19,"column":66}},"11":{"start":{"line":19,"column":42},"end":{"line":19,"column":64}},"12":{"start":{"line":23,"column":38},"end":{"line":23,"column":47}},"13":{"start":{"line":26,"column":4},"end":{"line":26,"column":70}},"14":{"start":{"line":26,"column":58},"end":{"line":26,"column":70}},"15":{"start":{"line":29,"column":4},"end":{"line":35,"column":5}},"16":{"start":{"line":30,"column":8},"end":{"line":30,"column":86}},"17":{"start":{"line":30,"column":42},"end":{"line":30,"column":85}},"18":{"start":{"line":31,"column":11},"end":{"line":35,"column":5}},"19":{"start":{"line":32,"column":8},"end":{"line":32,"column":83}},"20":{"start":{"line":32,"column":42},"end":{"line":32,"column":82}},"21":{"start":{"line":33,"column":11},"end":{"line":35,"column":5}},"22":{"start":{"line":34,"column":8},"end":{"line":34,"column":130}},"23":{"start":{"line":34,"column":42},"end":{"line":34,"column":129}}},"fnMap":{"0":{"name":"searchData","decl":{"start":{"line":3,"column":16},"end":{"line":3,"column":26}},"loc":{"start":{"line":3,"column":129},"end":{"line":20,"column":1}},"line":3},"1":{"name":"(anonymous_1)","decl":{"start":{"line":11,"column":20},"end":{"line":11,"column":21}},"loc":{"start":{"line":11,"column":27},"end":{"line":16,"column":7}},"line":11},"2":{"name":"(anonymous_2)","decl":{"start":{"line":12,"column":42},"end":{"line":12,"column":43}},"loc":{"start":{"line":12,"column":63},"end":{"line":14,"column":9}},"line":12},"3":{"name":"(anonymous_3)","decl":{"start":{"line":19,"column":24},"end":{"line":19,"column":25}},"loc":{"start":{"line":19,"column":42},"end":{"line":19,"column":64}},"line":19},"4":{"name":"filterVideoList","decl":{"start":{"line":22,"column":16},"end":{"line":22,"column":31}},"loc":{"start":{"line":22,"column":132},"end":{"line":36,"column":1}},"line":22},"5":{"name":"(anonymous_5)","decl":{"start":{"line":30,"column":31},"end":{"line":30,"column":32}},"loc":{"start":{"line":30,"column":42},"end":{"line":30,"column":85}},"line":30},"6":{"name":"(anonymous_6)","decl":{"start":{"line":32,"column":31},"end":{"line":32,"column":32}},"loc":{"start":{"line":32,"column":42},"end":{"line":32,"column":82}},"line":32},"7":{"name":"(anonymous_7)","decl":{"start":{"line":34,"column":31},"end":{"line":34,"column":32}},"loc":{"start":{"line":34,"column":42},"end":{"line":34,"column":129}},"line":34}},"branchMap":{"0":{"loc":{"start":{"line":3,"column":84},"end":{"line":3,"column":109}},"type":"default-arg","locations":[{"start":{"line":3,"column":107},"end":{"line":3,"column":109}}],"line":3},"1":{"loc":{"start":{"line":4,"column":4},"end":{"line":6,"column":5}},"type":"if","locations":[{"start":{"line":4,"column":4},"end":{"line":6,"column":5}},{"start":{},"end":{}}],"line":4},"2":{"loc":{"start":{"line":4,"column":8},"end":{"line":4,"column":112}},"type":"binary-expr","locations":[{"start":{"line":4,"column":8},"end":{"line":4,"column":20}},{"start":{"line":4,"column":24},"end":{"line":4,"column":43}},{"start":{"line":4,"column":47},"end":{"line":4,"column":66}},{"start":{"line":4,"column":70},"end":{"line":4,"column":89}},{"start":{"line":4,"column":93},"end":{"line":4,"column":112}}],"line":4},"3":{"loc":{"start":{"line":9,"column":4},"end":{"line":18,"column":5}},"type":"if","locations":[{"start":{"line":9,"column":4},"end":{"line":18,"column":5}},{"start":{},"end":{}}],"line":9},"4":{"loc":{"start":{"line":9,"column":8},"end":{"line":9,"column":43}},"type":"binary-expr","locations":[{"start":{"line":9,"column":8},"end":{"line":9,"column":23}},{"start":{"line":9,"column":27},"end":{"line":9,"column":43}}],"line":9},"5":{"loc":{"start":{"line":22,"column":32},"end":{"line":22,"column":59}},"type":"default-arg","locations":[{"start":{"line":22,"column":57},"end":{"line":22,"column":59}}],"line":22},"6":{"loc":{"start":{"line":22,"column":61},"end":{"line":22,"column":94}},"type":"default-arg","locations":[{"start":{"line":22,"column":92},"end":{"line":22,"column":94}}],"line":22},"7":{"loc":{"start":{"line":22,"column":96},"end":{"line":22,"column":130}},"type":"default-arg","locations":[{"start":{"line":22,"column":128},"end":{"line":22,"column":130}}],"line":22},"8":{"loc":{"start":{"line":26,"column":4},"end":{"line":26,"column":70}},"type":"if","locations":[{"start":{"line":26,"column":4},"end":{"line":26,"column":70}},{"start":{},"end":{}}],"line":26},"9":{"loc":{"start":{"line":26,"column":7},"end":{"line":26,"column":56}},"type":"binary-expr","locations":[{"start":{"line":26,"column":7},"end":{"line":26,"column":29}},{"start":{"line":26,"column":33},"end":{"line":26,"column":56}}],"line":26},"10":{"loc":{"start":{"line":29,"column":4},"end":{"line":35,"column":5}},"type":"if","locations":[{"start":{"line":29,"column":4},"end":{"line":35,"column":5}},{"start":{"line":31,"column":11},"end":{"line":35,"column":5}}],"line":29},"11":{"loc":{"start":{"line":29,"column":7},"end":{"line":29,"column":55}},"type":"binary-expr","locations":[{"start":{"line":29,"column":7},"end":{"line":29,"column":28}},{"start":{"line":29,"column":32},"end":{"line":29,"column":55}}],"line":29},"12":{"loc":{"start":{"line":31,"column":11},"end":{"line":35,"column":5}},"type":"if","locations":[{"start":{"line":31,"column":11},"end":{"line":35,"column":5}},{"start":{"line":33,"column":11},"end":{"line":35,"column":5}}],"line":31},"13":{"loc":{"start":{"line":31,"column":14},"end":{"line":31,"column":62}},"type":"binary-expr","locations":[{"start":{"line":31,"column":14},"end":{"line":31,"column":36}},{"start":{"line":31,"column":40},"end":{"line":31,"column":62}}],"line":31},"14":{"loc":{"start":{"line":33,"column":11},"end":{"line":35,"column":5}},"type":"if","locations":[{"start":{"line":33,"column":11},"end":{"line":35,"column":5}},{"start":{},"end":{}}],"line":33},"15":{"loc":{"start":{"line":33,"column":14},"end":{"line":33,"column":61}},"type":"binary-expr","locations":[{"start":{"line":33,"column":14},"end":{"line":33,"column":35}},{"start":{"line":33,"column":39},"end":{"line":33,"column":61}}],"line":33},"16":{"loc":{"start":{"line":34,"column":42},"end":{"line":34,"column":129}},"type":"binary-expr","locations":[{"start":{"line":34,"column":42},"end":{"line":34,"column":85}},{"start":{"line":34,"column":89},"end":{"line":34,"column":129}}],"line":34}},"s":{"0":6,"1":1,"2":5,"3":5,"4":4,"5":4,"6":7,"7":14,"8":7,"9":4,"10":1,"11":2,"12":6,"13":6,"14":1,"15":5,"16":1,"17":2,"18":4,"19":1,"20":2,"21":3,"22":3,"23":5},"f":{"0":6,"1":7,"2":14,"3":2,"4":6,"5":2,"6":2,"7":5},"b":{"0":[0],"1":[1,5],"2":[6,5,5,5,5],"3":[4,1],"4":[5,4],"5":[0],"6":[0],"7":[0],"8":[1,5],"9":[6,2],"10":[1,4],"11":[5,4],"12":[1,3],"13":[4,1],"14":[3,0],"15":[3,3],"16":[5,5]},"_coverageSchema":"1a1c01bbd47fc00a2c39e90264f33305004495a9","hash":"0f6f2434c46954b981a37b3c70478327385c866c"}
}
