TN:
SF:src/util/operation.ts
FN:3,searchData
FN:11,(anonymous_1)
FN:12,(anonymous_2)
FN:19,(anonymous_3)
FN:22,filterVideoList
FN:30,(anonymous_5)
FN:32,(anonymous_6)
FN:34,(anonymous_7)
FNF:8
FNH:8
FNDA:6,searchData
FNDA:7,(anonymous_1)
FNDA:14,(anonymous_2)
FNDA:2,(anonymous_3)
FNDA:6,filterVideoList
FNDA:2,(anonymous_5)
FNDA:2,(anonymous_6)
FNDA:5,(anonymous_7)
DA:4,6
DA:5,1
DA:7,5
DA:9,5
DA:10,4
DA:11,4
DA:12,7
DA:13,14
DA:15,7
DA:17,4
DA:19,2
DA:23,6
DA:26,6
DA:29,5
DA:30,2
DA:31,4
DA:32,2
DA:33,3
DA:34,5
LF:19
LH:19
BRDA:3,0,0,0
BRDA:4,1,0,1
BRDA:4,1,1,5
BRDA:4,2,0,6
BRDA:4,2,1,5
BRDA:4,2,2,5
BRDA:4,2,3,5
BRDA:4,2,4,5
BRDA:9,3,0,4
BRDA:9,3,1,1
BRDA:9,4,0,5
BRDA:9,4,1,4
BRDA:22,5,0,0
BRDA:22,6,0,0
BRDA:22,7,0,0
BRDA:26,8,0,1
BRDA:26,8,1,5
BRDA:26,9,0,6
BRDA:26,9,1,2
BRDA:29,10,0,1
BRDA:29,10,1,4
BRDA:29,11,0,5
BRDA:29,11,1,4
BRDA:31,12,0,1
BRDA:31,12,1,3
BRDA:31,13,0,4
BRDA:31,13,1,1
BRDA:33,14,0,3
BRDA:33,14,1,0
BRDA:33,15,0,3
BRDA:33,15,1,3
BRDA:34,16,0,5
BRDA:34,16,1,5
BRF:33
BRH:28
end_of_record
